# JRE version: OpenJDK Runtime Environment (8.0_152-b01) (build 1.8.0_152-release-915-b01)
# Java VM: OpenJDK 64-Bit Server VM (25.152-b01 mixed mode windows-amd64 compressed oops)
Heap:
 PSYoungGen      total 306688K, used 29109K [0x00000000eab00000, 0x00000000ffe00000, 0x0000000100000000)
  eden space 271360K, 10% used [0x00000000eab00000,0x00000000ec71d530,0x00000000fb400000)
  from space 35328K, 0% used [0x00000000fb400000,0x00000000fb450000,0x00000000fd680000)
  to   space 34816K, 0% used [0x00000000fdc00000,0x00000000fdc00000,0x00000000ffe00000)
 ParOldGen       total 276480K, used 191984K [0x00000000c0000000, 0x00000000d0e00000, 0x00000000eab00000)
  object space 276480K, 69% used [0x00000000c0000000,0x00000000cbb7c288,0x00000000d0e00000)
 Metaspace       used 89351K, capacity 95180K, committed 95320K, reserved 1132544K
  class space    used 11122K, capacity 12416K, committed 12416K, reserved 1048576K
GC Heap History (10 events):
Event: 838.982 GC heap before
{Heap before GC invocations=59 (full 4):
 PSYoungGen      total 304128K, used 264700K [0x00000000eab00000, 0x0000000100000000, 0x0000000100000000)
  eden space 259584K, 99% used [0x00000000eab00000,0x00000000fa85fdd0,0x00000000fa880000)
  from space 44544K, 11% used [0x00000000fd200000,0x00000000fd71f258,0x00000000ffd80000)
  to   space 42496K, 0% used [0x00000000fa880000,0x00000000fa880000,0x00000000fd200000)
 ParOldGen       total 276480K, used 184705K [0x00000000c0000000, 0x00000000d0e00000, 0x00000000eab00000)
  object space 276480K, 66% used [0x00000000c0000000,0x00000000cb460708,0x00000000d0e00000)
 Metaspace       used 89122K, capacity 94920K, committed 95064K, reserved 1132544K
  class space    used 11110K, capacity 12374K, committed 12416K, reserved 1048576K
Event: 838.987 GC heap after
Heap after GC invocations=59 (full 4):
 PSYoungGen      total 302080K, used 32K [0x00000000eab00000, 0x00000000ffc00000, 0x0000000100000000)
  eden space 259584K, 0% used [0x00000000eab00000,0x00000000eab00000,0x00000000fa880000)
  from space 42496K, 0% used [0x00000000fa880000,0x00000000fa888000,0x00000000fd200000)
  to   space 41472K, 0% used [0x00000000fd380000,0x00000000fd380000,0x00000000ffc00000)
 ParOldGen       total 276480K, used 189209K [0x00000000c0000000, 0x00000000d0e00000, 0x00000000eab00000)
  object space 276480K, 68% used [0x00000000c0000000,0x00000000cb8c66e0,0x00000000d0e00000)
 Metaspace       used 89122K, capacity 94920K, committed 95064K, reserved 1132544K
  class space    used 11110K, capacity 12374K, committed 12416K, reserved 1048576K
}
Event: 845.443 GC heap before
{Heap before GC invocations=60 (full 4):
 PSYoungGen      total 302080K, used 259616K [0x00000000eab00000, 0x00000000ffc00000, 0x0000000100000000)
  eden space 259584K, 100% used [0x00000000eab00000,0x00000000fa880000,0x00000000fa880000)
  from space 42496K, 0% used [0x00000000fa880000,0x00000000fa888000,0x00000000fd200000)
  to   space 41472K, 0% used [0x00000000fd380000,0x00000000fd380000,0x00000000ffc00000)
 ParOldGen       total 276480K, used 189209K [0x00000000c0000000, 0x00000000d0e00000, 0x00000000eab00000)
  object space 276480K, 68% used [0x00000000c0000000,0x00000000cb8c66e0,0x00000000d0e00000)
 Metaspace       used 89222K, capacity 95054K, committed 95320K, reserved 1132544K
  class space    used 11111K, capacity 12375K, committed 12416K, reserved 1048576K
Event: 845.452 GC heap after
Heap after GC invocations=60 (full 4):
 PSYoungGen      total 304640K, used 13421K [0x00000000eab00000, 0x00000000ffb00000, 0x0000000100000000)
  eden space 264192K, 0% used [0x00000000eab00000,0x00000000eab00000,0x00000000fad00000)
  from space 40448K, 33% used [0x00000000fd380000,0x00000000fe09b480,0x00000000ffb00000)
  to   space 39424K, 0% used [0x00000000fad00000,0x00000000fad00000,0x00000000fd380000)
 ParOldGen       total 276480K, used 189265K [0x00000000c0000000, 0x00000000d0e00000, 0x00000000eab00000)
  object space 276480K, 68% used [0x00000000c0000000,0x00000000cb8d46e0,0x00000000d0e00000)
 Metaspace       used 89222K, capacity 95054K, committed 95320K, reserved 1132544K
  class space    used 11111K, capacity 12375K, committed 12416K, reserved 1048576K
}
Event: 845.820 GC heap before
{Heap before GC invocations=61 (full 4):
 PSYoungGen      total 304640K, used 277613K [0x00000000eab00000, 0x00000000ffb00000, 0x0000000100000000)
  eden space 264192K, 100% used [0x00000000eab00000,0x00000000fad00000,0x00000000fad00000)
  from space 40448K, 33% used [0x00000000fd380000,0x00000000fe09b480,0x00000000ffb00000)
  to   space 39424K, 0% used [0x00000000fad00000,0x00000000fad00000,0x00000000fd380000)
 ParOldGen       total 276480K, used 189265K [0x00000000c0000000, 0x00000000d0e00000, 0x00000000eab00000)
  object space 276480K, 68% used [0x00000000c0000000,0x00000000cb8d46e0,0x00000000d0e00000)
 Metaspace       used 89224K, capacity 95054K, committed 95320K, reserved 1132544K
  class space    used 11111K, capacity 12375K, committed 12416K, reserved 1048576K
Event: 845.827 GC heap after
Heap after GC invocations=61 (full 4):
 PSYoungGen      total 303616K, used 8017K [0x00000000eab00000, 0x00000000ffb00000, 0x0000000100000000)
  eden space 264192K, 0% used [0x00000000eab00000,0x00000000eab00000,0x00000000fad00000)
  from space 39424K, 20% used [0x00000000fad00000,0x00000000fb4d4478,0x00000000fd380000)
  to   space 37376K, 0% used [0x00000000fd680000,0x00000000fd680000,0x00000000ffb00000)
 ParOldGen       total 276480K, used 191720K [0x00000000c0000000, 0x00000000d0e00000, 0x00000000eab00000)
  object space 276480K, 69% used [0x00000000c0000000,0x00000000cbb3a268,0x00000000d0e00000)
 Metaspace       used 89224K, capacity 95054K, committed 95320K, reserved 1132544K
  class space    used 11111K, capacity 12375K, committed 12416K, reserved 1048576K
}
Event: 898.115 GC heap before
{Heap before GC invocations=62 (full 4):
 PSYoungGen      total 303616K, used 271982K [0x00000000eab00000, 0x00000000ffb00000, 0x0000000100000000)
  eden space 264192K, 99% used [0x00000000eab00000,0x00000000facc7718,0x00000000fad00000)
  from space 39424K, 20% used [0x00000000fad00000,0x00000000fb4d4478,0x00000000fd380000)
  to   space 37376K, 0% used [0x00000000fd680000,0x00000000fd680000,0x00000000ffb00000)
 ParOldGen       total 276480K, used 191720K [0x00000000c0000000, 0x00000000d0e00000, 0x00000000eab00000)
  object space 276480K, 69% used [0x00000000c0000000,0x00000000cbb3a268,0x00000000d0e00000)
 Metaspace       used 89262K, capacity 95060K, committed 95320K, reserved 1132544K
  class space    used 11111K, capacity 12376K, committed 12416K, reserved 1048576K
Event: 898.120 GC heap after
Heap after GC invocations=62 (full 4):
 PSYoungGen      total 307712K, used 6049K [0x00000000eab00000, 0x00000000ffa00000, 0x0000000100000000)
  eden space 271360K, 0% used [0x00000000eab00000,0x00000000eab00000,0x00000000fb400000)
  from space 36352K, 16% used [0x00000000fd680000,0x00000000fdc685d0,0x00000000ffa00000)
  to   space 35328K, 0% used [0x00000000fb400000,0x00000000fb400000,0x00000000fd680000)
 ParOldGen       total 276480K, used 191832K [0x00000000c0000000, 0x00000000d0e00000, 0x00000000eab00000)
  object space 276480K, 69% used [0x00000000c0000000,0x00000000cbb56278,0x00000000d0e00000)
 Metaspace       used 89262K, capacity 95060K, committed 95320K, reserved 1132544K
  class space    used 11111K, capacity 12376K, committed 12416K, reserved 1048576K
}
Event: 898.197 GC heap before
{Heap before GC invocations=63 (full 4):
 PSYoungGen      total 307712K, used 277409K [0x00000000eab00000, 0x00000000ffa00000, 0x0000000100000000)
  eden space 271360K, 100% used [0x00000000eab00000,0x00000000fb400000,0x00000000fb400000)
  from space 36352K, 16% used [0x00000000fd680000,0x00000000fdc685d0,0x00000000ffa00000)
  to   space 35328K, 0% used [0x00000000fb400000,0x00000000fb400000,0x00000000fd680000)
 ParOldGen       total 276480K, used 191832K [0x00000000c0000000, 0x00000000d0e00000, 0x00000000eab00000)
  object space 276480K, 69% used [0x00000000c0000000,0x00000000cbb56278,0x00000000d0e00000)
 Metaspace       used 89268K, capacity 95060K, committed 95320K, reserved 1132544K
  class space    used 11111K, capacity 12376K, committed 12416K, reserved 1048576K
Event: 898.200 GC heap after
Heap after GC invocations=63 (full 4):
 PSYoungGen      total 306688K, used 320K [0x00000000eab00000, 0x00000000ffe00000, 0x0000000100000000)
  eden space 271360K, 0% used [0x00000000eab00000,0x00000000eab00000,0x00000000fb400000)
  from space 35328K, 0% used [0x00000000fb400000,0x00000000fb450000,0x00000000fd680000)
  to   space 34816K, 0% used [0x00000000fdc00000,0x00000000fdc00000,0x00000000ffe00000)
 ParOldGen       total 276480K, used 191984K [0x00000000c0000000, 0x00000000d0e00000, 0x00000000eab00000)
  object space 276480K, 69% used [0x00000000c0000000,0x00000000cbb7c288,0x00000000d0e00000)
 Metaspace       used 89268K, capacity 95060K, committed 95320K, reserved 1132544K
  class space    used 11111K, capacity 12376K, committed 12416K, reserved 1048576K
}

